Using pre-set license
Built from '2021.3/staging' branch; Version is '2021.3.6f1 (7da38d85baf6) revision 8233869'; Using compiler version '192829333'; Build Type 'Release'
OS: 'Windows 10  (10.0.19044) 64bit Professional' Language: 'en' Physical Memory: 32560 MB
BatchMode: 1, IsHumanControllingUs: 0, StartBugReporterOnCrash: 0, Is64bit: 1, IsPro: 1

COMMAND LINE ARGUMENTS:
C:\Program Files\Unity\Hub\Editor\2021.3.6f1\Editor\Unity.exe
-adb2
-batchMode
-noUpm
-name
AssetImportWorker0
-projectPath
C:/Users/alien/Documents/github/boom-tools-updated
-logFile
Logs/AssetImportWorker0.log
-srvPort
56993
Successfully changed project path to: C:/Users/alien/Documents/github/boom-tools-updated
C:/Users/alien/Documents/github/boom-tools-updated
[UnityMemory] Configuration Parameters - Can be set up in boot.config
    "memorysetup-bucket-allocator-granularity=16"
    "memorysetup-bucket-allocator-bucket-count=8"
    "memorysetup-bucket-allocator-block-size=33554432"
    "memorysetup-bucket-allocator-block-count=8"
    "memorysetup-main-allocator-block-size=16777216"
    "memorysetup-thread-allocator-block-size=16777216"
    "memorysetup-gfx-main-allocator-block-size=16777216"
    "memorysetup-gfx-thread-allocator-block-size=16777216"
    "memorysetup-cache-allocator-block-size=4194304"
    "memorysetup-typetree-allocator-block-size=2097152"
    "memorysetup-profiler-bucket-allocator-granularity=16"
    "memorysetup-profiler-bucket-allocator-bucket-count=8"
    "memorysetup-profiler-bucket-allocator-block-size=33554432"
    "memorysetup-profiler-bucket-allocator-block-count=8"
    "memorysetup-profiler-allocator-block-size=16777216"
    "memorysetup-profiler-editor-allocator-block-size=1048576"
    "memorysetup-temp-allocator-size-main=16777216"
    "memorysetup-job-temp-allocator-block-size=2097152"
    "memorysetup-job-temp-allocator-block-size-background=1048576"
    "memorysetup-job-temp-allocator-reduction-small-platforms=262144"
    "memorysetup-temp-allocator-size-background-worker=32768"
    "memorysetup-temp-allocator-size-job-worker=262144"
    "memorysetup-temp-allocator-size-preload-manager=33554432"
    "memorysetup-temp-allocator-size-nav-mesh-worker=65536"
    "memorysetup-temp-allocator-size-audio-worker=65536"
    "memorysetup-temp-allocator-size-cloud-worker=32768"
    "memorysetup-temp-allocator-size-gi-baking-worker=262144"
    "memorysetup-temp-allocator-size-gfx=262144"
Refreshing native plugins compatible for Editor in 39.99 ms, found 2 plugins.
Preloading 0 native plugins for Editor in 0.00 ms.
Initialize engine version: 2021.3.6f1 (7da38d85baf6)
[Subsystems] Discovering subsystems at path C:/Program Files/Unity/Hub/Editor/2021.3.6f1/Editor/Data/Resources/UnitySubsystems
[Subsystems] Discovering subsystems at path C:/Users/alien/Documents/github/boom-tools-updated/Assets
GfxDevice: creating device client; threaded=0; jobified=0
Direct3D:
    Version:  Direct3D 11.0 [level 11.1]
    Renderer: NVIDIA GeForce RTX 3080 Ti (ID=0x2208)
    Vendor:   NVIDIA
    VRAM:     12108 MB
    Driver:   31.0.15.1659
Initialize mono
Mono path[0] = 'C:/Program Files/Unity/Hub/Editor/2021.3.6f1/Editor/Data/Managed'
Mono path[1] = 'C:/Program Files/Unity/Hub/Editor/2021.3.6f1/Editor/Data/MonoBleedingEdge/lib/mono/unityjit-win32'
Mono config path = 'C:/Program Files/Unity/Hub/Editor/2021.3.6f1/Editor/Data/MonoBleedingEdge/etc'
Using monoOptions --debugger-agent=transport=dt_socket,embedding=1,server=y,suspend=n,address=127.0.0.1:56676
Begin MonoManager ReloadAssembly
Registering precompiled unity dll's ...
Register platform support module: C:/Program Files/Unity/Hub/Editor/2021.3.6f1/Editor/Data/PlaybackEngines/WindowsStandaloneSupport/UnityEditor.WindowsStandalone.Extensions.dll
Registered in 0.005980 seconds.
Native extension for WindowsStandalone target not found
Refreshing native plugins compatible for Editor in 39.62 ms, found 2 plugins.
Preloading 0 native plugins for Editor in 0.00 ms.
Mono: successfully reloaded assembly
- Completed reload, in  0.604 seconds
Domain Reload Profiling:
	ReloadAssembly (604ms)
		BeginReloadAssembly (77ms)
			ExecutionOrderSort (0ms)
			DisableScriptedObjects (0ms)
			BackupInstance (0ms)
			ReleaseScriptingObjects (0ms)
			CreateAndSetChildDomain (0ms)
		EndReloadAssembly (421ms)
			LoadAssemblies (76ms)
			RebuildTransferFunctionScriptingTraits (0ms)
			SetupTypeCache (98ms)
			ReleaseScriptCaches (0ms)
			RebuildScriptCaches (26ms)
			SetupLoadedEditorAssemblies (246ms)
				LogAssemblyErrors (0ms)
				InitializePlatformSupportModulesInManaged (8ms)
				SetLoadedEditorAssemblies (0ms)
				RefreshPlugins (40ms)
				BeforeProcessingInitializeOnLoad (1ms)
				ProcessInitializeOnLoadAttributes (151ms)
				ProcessInitializeOnLoadMethodAttributes (46ms)
				AfterProcessingInitializeOnLoad (0ms)
				EditorAssembliesLoaded (0ms)
			ExecutionOrderSort2 (0ms)
			AwakeInstancesAfterBackupRestoration (0ms)
Platform modules already initialized, skipping
Registering precompiled user dll's ...
Registered in 0.003593 seconds.
Begin MonoManager ReloadAssembly
Native extension for WindowsStandalone target not found
Refreshing native plugins compatible for Editor in 42.28 ms, found 2 plugins.
Preloading 0 native plugins for Editor in 0.00 ms.
Mono: successfully reloaded assembly
- Completed reload, in  0.861 seconds
Domain Reload Profiling:
	ReloadAssembly (862ms)
		BeginReloadAssembly (102ms)
			ExecutionOrderSort (0ms)
			DisableScriptedObjects (6ms)
			BackupInstance (0ms)
			ReleaseScriptingObjects (0ms)
			CreateAndSetChildDomain (16ms)
		EndReloadAssembly (645ms)
			LoadAssemblies (73ms)
			RebuildTransferFunctionScriptingTraits (0ms)
			SetupTypeCache (168ms)
			ReleaseScriptCaches (0ms)
			RebuildScriptCaches (51ms)
			SetupLoadedEditorAssemblies (311ms)
				LogAssemblyErrors (0ms)
				InitializePlatformSupportModulesInManaged (4ms)
				SetLoadedEditorAssemblies (0ms)
				RefreshPlugins (42ms)
				BeforeProcessingInitializeOnLoad (73ms)
				ProcessInitializeOnLoadAttributes (165ms)
				ProcessInitializeOnLoadMethodAttributes (19ms)
				AfterProcessingInitializeOnLoad (7ms)
				EditorAssembliesLoaded (0ms)
			ExecutionOrderSort2 (0ms)
			AwakeInstancesAfterBackupRestoration (5ms)
Platform modules already initialized, skipping
========================================================================
Worker process is ready to serve import requests
Launched and connected shader compiler UnityShaderCompiler.exe after 0.03 seconds
Refreshing native plugins compatible for Editor in 0.45 ms, found 2 plugins.
Preloading 0 native plugins for Editor in 0.00 ms.
Unloading 2510 Unused Serialized files (Serialized files now loaded: 0)
Unloading 46 unused Assets / (1.3 MB). Loaded Objects now: 2979.
Memory consumption went from 198.5 MB to 197.1 MB.
Total: 2.992700 ms (FindLiveObjects: 0.376000 ms CreateObjectMapping: 0.087400 ms MarkObjects: 2.230700 ms  DeleteObjects: 0.297600 ms)

AssetImportParameters requested are different than current active one (requested -> active):
  custom:video-decoder-ogg-theora: a1e56fd34408186e4bbccfd4996cb3dc -> 
  custom:container-muxer-webm: aa71ff27fc2769a1b78a27578f13a17b -> 
  custom:container-demuxer-webm: 4f35f7cbe854078d1ac9338744f61a02 -> 
  custom:video-encoder-webm-vp8: eb34c28f22e8b96e1ab97ce403110664 -> 
  custom:audio-encoder-webm-vorbis: bf7c407c2cedff20999df2af8eb42d56 -> 
  custom:framework-win-MediaFoundation: 216162199b28c13a410421893ffa2e32 -> 
  custom:container-demuxer-ogg: 62fdf1f143b41e24485cea50d1cbac27 -> 
  custom:video-decoder-webm-vp8: 9c59270c3fd7afecdb556c50c9e8de78 -> 
  custom:audio-decoder-ogg-vorbis: bf7c407c2cedff20999df2af8eb42d56 -> 
========================================================================
Received Import Request.
  Time since last request: 184925.213818 seconds.
  path: Assets/_ImportHere/FBX/Clout Goggles/clout_goggles.fbx
  artifactKey: Guid(dc81844980532084fb3fad5e8a9ccab3) Importer(815301076,1909f56bfc062723c751e8b465ee728b)
Start importing Assets/_ImportHere/FBX/Clout Goggles/clout_goggles.fbx using Guid(dc81844980532084fb3fad5e8a9ccab3) Importer(815301076,1909f56bfc062723c751e8b465ee728b)  -> (artifact id: '68e9add112bbe0fdb972205a0e4dba24') in 0.213152 seconds 
========================================================================
Received Import Request.
  Time since last request: 6.604806 seconds.
  path: Assets/_ImportHere/FBX/Clout Goggles/clout_goggles.fbx
  artifactKey: Guid(dc81844980532084fb3fad5e8a9ccab3) Importer(815301076,1909f56bfc062723c751e8b465ee728b)
Start importing Assets/_ImportHere/FBX/Clout Goggles/clout_goggles.fbx using Guid(dc81844980532084fb3fad5e8a9ccab3) Importer(815301076,1909f56bfc062723c751e8b465ee728b)  -> (artifact id: '1e6031ee8145ad6042f66f73ed82688d') in 0.053904 seconds 
========================================================================
Received Import Request.
  Time since last request: 14.010209 seconds.
  path: Assets/_ImportHere/FBX/Clout Goggles/clout_goggles.fbx
  artifactKey: Guid(dc81844980532084fb3fad5e8a9ccab3) Importer(815301076,1909f56bfc062723c751e8b465ee728b)
Start importing Assets/_ImportHere/FBX/Clout Goggles/clout_goggles.fbx using Guid(dc81844980532084fb3fad5e8a9ccab3) Importer(815301076,1909f56bfc062723c751e8b465ee728b)  -> (artifact id: '9900a46cd3a58751671375b176ab0d95') in 0.050589 seconds 
========================================================================
Received Import Request.
  Time since last request: 70.303824 seconds.
  path: Assets/_ImportHere/FBX/Clout Goggles/clout_goggles.fbx
  artifactKey: Guid(dc81844980532084fb3fad5e8a9ccab3) Importer(815301076,1909f56bfc062723c751e8b465ee728b)
Start importing Assets/_ImportHere/FBX/Clout Goggles/clout_goggles.fbx using Guid(dc81844980532084fb3fad5e8a9ccab3) Importer(815301076,1909f56bfc062723c751e8b465ee728b)  -> (artifact id: '3fa7e60386990db0a6f2453afc483025') in 0.049598 seconds 
========================================================================
Received Import Request.
  Time since last request: 0.000026 seconds.
  path: Assets/_ImportHere/FBX/Clout Goggles/Material.001.mat
  artifactKey: Guid(aca480dde26e0fb44aa680bfaa8555e1) Importer(815301076,1909f56bfc062723c751e8b465ee728b)
Start importing Assets/_ImportHere/FBX/Clout Goggles/Material.001.mat using Guid(aca480dde26e0fb44aa680bfaa8555e1) Importer(815301076,1909f56bfc062723c751e8b465ee728b)  -> (artifact id: '14d4af55ee295afcea9c4ea8071b82fc') in 0.013043 seconds 
========================================================================
Received Import Request.
  Time since last request: 49.528435 seconds.
  path: Assets/_ImportHere/FBX/Clout Goggles/body.001.mat
  artifactKey: Guid(32e58d1a4e1d0c742b471e77848bf4e6) Importer(815301076,1909f56bfc062723c751e8b465ee728b)
Start importing Assets/_ImportHere/FBX/Clout Goggles/body.001.mat using Guid(32e58d1a4e1d0c742b471e77848bf4e6) Importer(815301076,1909f56bfc062723c751e8b465ee728b)  -> (artifact id: '14f6605835d72cf261ff6e6851e74bcb') in 0.010951 seconds 
========================================================================
Received Import Request.
  Time since last request: 0.000100 seconds.
  path: Assets/_ImportHere/FBX/Clout Goggles/Material.001.mat
  artifactKey: Guid(aca480dde26e0fb44aa680bfaa8555e1) Importer(815301076,1909f56bfc062723c751e8b465ee728b)
Start importing Assets/_ImportHere/FBX/Clout Goggles/Material.001.mat using Guid(aca480dde26e0fb44aa680bfaa8555e1) Importer(815301076,1909f56bfc062723c751e8b465ee728b)  -> (artifact id: '1c0627ffd457c457955d52e69168927d') in 0.010587 seconds 
========================================================================
Received Import Request.
  Time since last request: 727.735964 seconds.
  path: Assets/_ImportHere/FBX/Mouths/mouth1.fbx
  artifactKey: Guid(4f3136f48441d254a99ed6035656ed01) Importer(815301076,1909f56bfc062723c751e8b465ee728b)
Start importing Assets/_ImportHere/FBX/Mouths/mouth1.fbx using Guid(4f3136f48441d254a99ed6035656ed01) Importer(815301076,1909f56bfc062723c751e8b465ee728b)  -> (artifact id: '8d8e13313249dca6e229559b0242c707') in 0.028849 seconds 
========================================================================
Received Import Request.
  Time since last request: 32.763788 seconds.
  path: Assets/_ImportHere/FBX/Mouths/mouth4.fbx
  artifactKey: Guid(44905a4e259713a439e35fad44985896) Importer(815301076,1909f56bfc062723c751e8b465ee728b)
Start importing Assets/_ImportHere/FBX/Mouths/mouth4.fbx using Guid(44905a4e259713a439e35fad44985896) Importer(815301076,1909f56bfc062723c751e8b465ee728b)  -> (artifact id: '719eb3cd8b3b5127b68d632b0497f052') in 0.021817 seconds 
========================================================================
Received Import Request.
  Time since last request: 5.382315 seconds.
  path: Assets/_ImportHere/FBX/Mouths/mouth3.fbx
  artifactKey: Guid(c7a3cf0bc0366af4a833922dbb473959) Importer(815301076,1909f56bfc062723c751e8b465ee728b)
Start importing Assets/_ImportHere/FBX/Mouths/mouth3.fbx using Guid(c7a3cf0bc0366af4a833922dbb473959) Importer(815301076,1909f56bfc062723c751e8b465ee728b)  -> (artifact id: 'd32d2d261505a7e408c61cd4294ae3dc') in 0.016759 seconds 
========================================================================
Received Import Request.
  Time since last request: 0.067803 seconds.
  path: Assets/_ImportHere/FBX/Mouths/mouth1.fbx
  artifactKey: Guid(4f3136f48441d254a99ed6035656ed01) Importer(815301076,1909f56bfc062723c751e8b465ee728b)
Start importing Assets/_ImportHere/FBX/Mouths/mouth1.fbx using Guid(4f3136f48441d254a99ed6035656ed01) Importer(815301076,1909f56bfc062723c751e8b465ee728b)  -> (artifact id: 'c67f7918236da85b2c13183e07289fbf') in 0.019787 seconds 
========================================================================
Received Import Request.
  Time since last request: 4120.325136 seconds.
  path: Assets/_ImportHere/Shaders/Hue Shift.mat
  artifactKey: Guid(b8af47a28f93cba4a9bfbcec9909b745) Importer(815301076,1909f56bfc062723c751e8b465ee728b)
Start importing Assets/_ImportHere/Shaders/Hue Shift.mat using Guid(b8af47a28f93cba4a9bfbcec9909b745) Importer(815301076,1909f56bfc062723c751e8b465ee728b)  -> (artifact id: '6557995d5888cfc5931512511ca2f742') in 0.017236 seconds 
========================================================================
Received Import Request.
  Time since last request: 4574.591924 seconds.
  path: Assets/_ImportHere/MetaLoot/Hats/Cap
  artifactKey: Guid(4516bf571ceaf934c9e5625c61782dd1) Importer(815301076,1909f56bfc062723c751e8b465ee728b)
Start importing Assets/_ImportHere/MetaLoot/Hats/Cap using Guid(4516bf571ceaf934c9e5625c61782dd1) Importer(815301076,1909f56bfc062723c751e8b465ee728b)  -> (artifact id: '8b2c55e8fcc3b44eb173b897442e57b5') in 0.005049 seconds 
